c:\users\of913\onedrive\документы\github\procedure\lab\lab\debug\vc142.pdb
c:\users\of913\onedrive\документы\github\procedure\lab\lab\debug\vc142.idb
c:\users\of913\onedrive\документы\github\procedure\lab\lab\debug\out_fish.obj
c:\users\of913\onedrive\документы\github\procedure\lab\lab\debug\out_container.obj
c:\users\of913\onedrive\документы\github\procedure\lab\lab\debug\out_bird.obj
c:\users\of913\onedrive\документы\github\procedure\lab\lab\debug\out_animal.obj
c:\users\of913\onedrive\документы\github\procedure\lab\lab\debug\lab.obj
c:\users\of913\onedrive\документы\github\procedure\lab\lab\debug\in_fish.obj
c:\users\of913\onedrive\документы\github\procedure\lab\lab\debug\in_container.obj
c:\users\of913\onedrive\документы\github\procedure\lab\lab\debug\in_bird.obj
c:\users\of913\onedrive\документы\github\procedure\lab\lab\debug\in_animal.obj
c:\users\of913\onedrive\документы\github\procedure\lab\lab\debug\init_container.obj
c:\users\of913\onedrive\документы\github\procedure\lab\lab\debug\clear_container.obj
c:\users\of913\onedrive\документы\github\procedure\lab\lab\debug\amount_animal.obj
c:\users\of913\onedrive\документы\github\procedure\lab\lab\debug\amount.obj
c:\users\of913\onedrive\документы\github\procedure\lab\debug\lab.ilk
c:\users\of913\onedrive\документы\github\procedure\lab\debug\lab.exe
c:\users\of913\onedrive\документы\github\procedure\lab\debug\lab.pdb
c:\users\of913\onedrive\документы\github\procedure\lab\lab\debug\lab.tlog\cl.command.1.tlog
c:\users\of913\onedrive\документы\github\procedure\lab\lab\debug\lab.tlog\cl.read.1.tlog
c:\users\of913\onedrive\документы\github\procedure\lab\lab\debug\lab.tlog\cl.write.1.tlog
c:\users\of913\onedrive\документы\github\procedure\lab\lab\debug\lab.tlog\link.command.1.tlog
c:\users\of913\onedrive\документы\github\procedure\lab\lab\debug\lab.tlog\link.read.1.tlog
c:\users\of913\onedrive\документы\github\procedure\lab\lab\debug\lab.tlog\link.write.1.tlog
